#
# There is insufficient memory for the Java Runtime Environment to continue.
# Native memory allocation (malloc) failed to allocate 410800 bytes for Chunk::new
# Possible reasons:
#   The system is out of physical RAM or swap space
#   The process is running with CompressedOops enabled, and the Java Heap may be blocking the growth of the native heap
# Possible solutions:
#   Reduce memory load on the system
#   Increase physical memory or swap space
#   Check if swap backing store is full
#   Decrease Java heap size (-Xmx/-Xms)
#   Decrease number of Java threads
#   Decrease Java thread stack sizes (-Xss)
#   Set larger code cache with -XX:ReservedCodeCacheSize=
#   JVM is running with Zero Based Compressed Oops mode in which the Java heap is
#     placed in the first 32GB address space. The Java Heap base address is the
#     maximum limit for the native heap growth. Please use -XX:HeapBaseMinAddress
#     to set the Java Heap base and to place the Java Heap above 32GB virtual address.
# This output file may be truncated or incomplete.
#
#  Out of Memory Error (arena.cpp:189), pid=7340, tid=6972
#
# JRE version: OpenJDK Runtime Environment JBR-17.0.3+7-469.37-jcef (17.0.3+7) (build 17.0.3+7-b469.37)
# Java VM: OpenJDK 64-Bit Server VM JBR-17.0.3+7-469.37-jcef (17.0.3+7-b469.37, mixed mode, tiered, compressed oops, compressed class ptrs, g1 gc, windows-amd64)
# No core dump will be written. Minidumps are not enabled by default on client versions of Windows
#

---------------  S U M M A R Y ------------

Command Line: git4idea.http.GitAskPassApp Username for 'https://github.com': 

Host: Intel(R) Core(TM) i7-4712MQ CPU @ 2.30GHz, 8 cores, 15G,  Windows 10 , 64 bit Build 19041 (10.0.19041.1889)
Time: Sun Sep 11 13:36:33 2022 Greenwich elapsed time: 0.250495 seconds (0d 0h 0m 0s)

---------------  T H R E A D  ---------------

Current thread (0x0000020adc0aa560):  JavaThread "C2 CompilerThread0" daemon [_thread_in_native, id=6972, stack(0x00000025eb400000,0x00000025eb500000)]


Current CompileTask:
C2:    250  156       4       java.util.zip.ZipFile$Source::initCEN (591 bytes)

Stack: [0x00000025eb400000,0x00000025eb500000]
Native frames: (J=compiled Java code, j=interpreted, Vv=VM code, C=native code)
V  [jvm.dll+0x681f8a]
V  [jvm.dll+0x83e374]
V  [jvm.dll+0x83fb1e]
V  [jvm.dll+0x840183]
V  [jvm.dll+0x2492a5]
V  [jvm.dll+0xabd5c]
V  [jvm.dll+0xac32c]
V  [jvm.dll+0x3681d7]
V  [jvm.dll+0x3327b1]
V  [jvm.dll+0x331c5a]
V  [jvm.dll+0x21b951]
V  [jvm.dll+0x21ad71]
V  [jvm.dll+0x1a49dd]
V  [jvm.dll+0x22a7e8]
V  [jvm.dll+0x228891]
V  [jvm.dll+0x7f3d6c]
V  [jvm.dll+0x7ee2ea]
V  [jvm.dll+0x680dc5]
C  [ucrtbase.dll+0x21bb2]
C  [KERNEL32.DLL+0x17034]
C  [ntdll.dll+0x52651]


---------------  P R O C E S S  ---------------

Threads class SMR info:
_java_thread_list=0x0000020adc23dac0, length=12, elements={
0x0000020aba7cbde0, 0x0000020adc03d040, 0x0000020adc03e560, 0x0000020adc08f850,
0x0000020adc092120, 0x0000020adc093180, 0x0000020adc0941e0, 0x0000020adc0aa560,
0x0000020adc0ab600, 0x0000020adc0aee90, 0x0000020adc212430, 0x0000020adc23de50
}

Java Threads: ( => current thread )
  0x0000020aba7cbde0 JavaThread "main" [_thread_in_vm, id=15472, stack(0x00000025ea700000,0x00000025ea800000)]
  0x0000020adc03d040 JavaThread "Reference Handler" daemon [_thread_blocked, id=6896, stack(0x00000025eae00000,0x00000025eaf00000)]
  0x0000020adc03e560 JavaThread "Finalizer" daemon [_thread_blocked, id=12624, stack(0x00000025eaf00000,0x00000025eb000000)]
  0x0000020adc08f850 JavaThread "Signal Dispatcher" daemon [_thread_blocked, id=2824, stack(0x00000025eb000000,0x00000025eb100000)]
  0x0000020adc092120 JavaThread "Attach Listener" daemon [_thread_blocked, id=14704, stack(0x00000025eb100000,0x00000025eb200000)]
  0x0000020adc093180 JavaThread "Service Thread" daemon [_thread_blocked, id=9448, stack(0x00000025eb200000,0x00000025eb300000)]
  0x0000020adc0941e0 JavaThread "Monitor Deflation Thread" daemon [_thread_blocked, id=16140, stack(0x00000025eb300000,0x00000025eb400000)]
=>0x0000020adc0aa560 JavaThread "C2 CompilerThread0" daemon [_thread_in_native, id=6972, stack(0x00000025eb400000,0x00000025eb500000)]
  0x0000020adc0ab600 JavaThread "C1 CompilerThread0" daemon [_thread_blocked, id=3332, stack(0x00000025eb500000,0x00000025eb600000)]
  0x0000020adc0aee90 JavaThread "Sweeper thread" daemon [_thread_blocked, id=14484, stack(0x00000025eb600000,0x00000025eb700000)]
  0x0000020adc212430 JavaThread "Notification Thread" daemon [_thread_blocked, id=5420, stack(0x00000025eb700000,0x00000025eb800000)]
  0x0000020adc23de50 JavaThread "Common-Cleaner" daemon [_thread_blocked, id=976, stack(0x00000025eb900000,0x00000025eba00000)]

Other Threads:
  0x0000020adb57db90 VMThread "VM Thread" [stack: 0x00000025ead00000,0x00000025eae00000] [id=13260]
  0x0000020abc981130 WatcherThread [stack: 0x00000025eb800000,0x00000025eb900000] [id=16336]
  0x0000020abc966bb0 GCTaskThread "GC Thread#0" [stack: 0x00000025ea800000,0x00000025ea900000] [id=14636]
  0x0000020abc9778c0 ConcurrentGCThread "G1 Main Marker" [stack: 0x00000025ea900000,0x00000025eaa00000] [id=12196]
  0x0000020abc978980 ConcurrentGCThread "G1 Conc#0" [stack: 0x00000025eaa00000,0x00000025eab00000] [id=3568]
  0x0000020adb4140f0 ConcurrentGCThread "G1 Refine#0" [stack: 0x00000025eab00000,0x00000025eac00000] [id=4340]
  0x0000020adb414a20 ConcurrentGCThread "G1 Service" [stack: 0x00000025eac00000,0x00000025ead00000] [id=18416]

Threads with active compile tasks:
C2 CompilerThread0      277  156       4       java.util.zip.ZipFile$Source::initCEN (591 bytes)

VM state: not at safepoint (normal execution)

VM Mutex/Monitor currently owned by a thread:  ([mutex/lock_event])
[0x0000020aba7c6f00] Metaspace_lock - owner thread: 0x0000020aba7cbde0

Heap address: 0x0000000701400000, size: 4076 MB, Compressed Oops mode: Zero based, Oop shift amount: 3

CDS archive(s) not mapped
Compressed class space mapped at: 0x0000000800000000-0x0000000840000000, reserved size: 1073741824
Narrow klass base: 0x0000000800000000, Narrow klass shift: 0, Narrow klass range: 0x40000000

GC Precious Log:
 CPUs: 8 total, 8 available
 Memory: 16296M
 Large Page Support: Disabled
 NUMA Support: Disabled
 Compressed Oops: Enabled (Zero based)
 Heap Region Size: 2M
 Heap Min Capacity: 8M
 Heap Initial Capacity: 256M
 Heap Max Capacity: 4076M
 Pre-touch: Disabled
 Parallel Workers: 8
 Concurrent Workers: 2
 Concurrent Refinement Workers: 8
 Periodic GC: Disabled

Heap:
 garbage-first heap   total 262144K, used 18432K [0x0000000701400000, 0x0000000800000000)
  region size 2048K, 2 young (4096K), 0 survivors (0K)
 Metaspace       used 6660K, committed 6784K, reserved 1056768K
  class space    used 582K, committed 640K, reserved 1048576K

Heap Regions: E=young(eden), S=young(survivor), O=old, HS=humongous(starts), HC=humongous(continues), CS=collection set, F=free, OA=open archive, CA=closed archive, TAMS=top-at-mark-start (previous, next)
|   0|0x0000000701400000, 0x0000000701600000, 0x0000000701600000|100%|HS|  |TAMS 0x0000000701400000, 0x0000000701400000| Complete 
|   1|0x0000000701600000, 0x0000000701800000, 0x0000000701800000|100%|HC|  |TAMS 0x0000000701600000, 0x0000000701600000| Complete 
|   2|0x0000000701800000, 0x0000000701a00000, 0x0000000701a00000|100%|HC|  |TAMS 0x0000000701800000, 0x0000000701800000| Complete 
|   3|0x0000000701a00000, 0x0000000701c00000, 0x0000000701c00000|100%|HC|  |TAMS 0x0000000701a00000, 0x0000000701a00000| Complete 
|   4|0x0000000701c00000, 0x0000000701e00000, 0x0000000701e00000|100%|HC|  |TAMS 0x0000000701c00000, 0x0000000701c00000| Complete 
|   5|0x0000000701e00000, 0x0000000702000000, 0x0000000702000000|100%|HC|  |TAMS 0x0000000701e00000, 0x0000000701e00000| Complete 
|   6|0x0000000702000000, 0x0000000702200000, 0x0000000702200000|100%|HS|  |TAMS 0x0000000702000000, 0x0000000702000000| Complete 
|   7|0x0000000702200000, 0x0000000702400000, 0x0000000702400000|100%|HS|  |TAMS 0x0000000702200000, 0x0000000702200000| Complete 
|   8|0x0000000702400000, 0x0000000702400000, 0x0000000702600000|  0%| F|  |TAMS 0x0000000702400000, 0x0000000702400000| Untracked 
|   9|0x0000000702600000, 0x0000000702600000, 0x0000000702800000|  0%| F|  |TAMS 0x0000000702600000, 0x0000000702600000| Untracked 
|  10|0x0000000702800000, 0x0000000702800000, 0x0000000702a00000|  0%| F|  |TAMS 0x0000000702800000, 0x0000000702800000| Untracked 
|  11|0x0000000702a00000, 0x0000000702a00000, 0x0000000702c00000|  0%| F|  |TAMS 0x0000000702a00000, 0x0000000702a00000| Untracked 
|  12|0x0000000702c00000, 0x0000000702c00000, 0x0000000702e00000|  0%| F|  |TAMS 0x0000000702c00000, 0x0000000702c00000| Untracked 
|  13|0x0000000702e00000, 0x0000000702e00000, 0x0000000703000000|  0%| F|  |TAMS 0x0000000702e00000, 0x0000000702e00000| Untracked 
|  14|0x0000000703000000, 0x0000000703000000, 0x0000000703200000|  0%| F|  |TAMS 0x0000000703000000, 0x0000000703000000| Untracked 
|  15|0x0000000703200000, 0x0000000703200000, 0x0000000703400000|  0%| F|  |TAMS 0x0000000703200000, 0x0000000703200000| Untracked 
|  16|0x0000000703400000, 0x0000000703400000, 0x0000000703600000|  0%| F|  |TAMS 0x0000000703400000, 0x0000000703400000| Untracked 
|  17|0x0000000703600000, 0x0000000703600000, 0x0000000703800000|  0%| F|  |TAMS 0x0000000703600000, 0x0000000703600000| Untracked 
|  18|0x0000000703800000, 0x0000000703800000, 0x0000000703a00000|  0%| F|  |TAMS 0x0000000703800000, 0x0000000703800000| Untracked 
|  19|0x0000000703a00000, 0x0000000703a00000, 0x0000000703c00000|  0%| F|  |TAMS 0x0000000703a00000, 0x0000000703a00000| Untracked 
|  20|0x0000000703c00000, 0x0000000703c00000, 0x0000000703e00000|  0%| F|  |TAMS 0x0000000703c00000, 0x0000000703c00000| Untracked 
|  21|0x0000000703e00000, 0x0000000703e00000, 0x0000000704000000|  0%| F|  |TAMS 0x0000000703e00000, 0x0000000703e00000| Untracked 
|  22|0x0000000704000000, 0x0000000704000000, 0x0000000704200000|  0%| F|  |TAMS 0x0000000704000000, 0x0000000704000000| Untracked 
|  23|0x0000000704200000, 0x0000000704200000, 0x0000000704400000|  0%| F|  |TAMS 0x0000000704200000, 0x0000000704200000| Untracked 
|  24|0x0000000704400000, 0x0000000704400000, 0x0000000704600000|  0%| F|  |TAMS 0x0000000704400000, 0x0000000704400000| Untracked 
|  25|0x0000000704600000, 0x0000000704600000, 0x0000000704800000|  0%| F|  |TAMS 0x0000000704600000, 0x0000000704600000| Untracked 
|  26|0x0000000704800000, 0x0000000704800000, 0x0000000704a00000|  0%| F|  |TAMS 0x0000000704800000, 0x0000000704800000| Untracked 
|  27|0x0000000704a00000, 0x0000000704a00000, 0x0000000704c00000|  0%| F|  |TAMS 0x0000000704a00000, 0x0000000704a00000| Untracked 
|  28|0x0000000704c00000, 0x0000000704c00000, 0x0000000704e00000|  0%| F|  |TAMS 0x0000000704c00000, 0x0000000704c00000| Untracked 
|  29|0x0000000704e00000, 0x0000000704e00000, 0x0000000705000000|  0%| F|  |TAMS 0x0000000704e00000, 0x0000000704e00000| Untracked 
|  30|0x0000000705000000, 0x0000000705000000, 0x0000000705200000|  0%| F|  |TAMS 0x0000000705000000, 0x0000000705000000| Untracked 
|  31|0x0000000705200000, 0x0000000705200000, 0x0000000705400000|  0%| F|  |TAMS 0x0000000705200000, 0x0000000705200000| Untracked 
|  32|0x0000000705400000, 0x0000000705400000, 0x0000000705600000|  0%| F|  |TAMS 0x0000000705400000, 0x0000000705400000| Untracked 
|  33|0x0000000705600000, 0x0000000705600000, 0x0000000705800000|  0%| F|  |TAMS 0x0000000705600000, 0x0000000705600000| Untracked 
|  34|0x0000000705800000, 0x0000000705800000, 0x0000000705a00000|  0%| F|  |TAMS 0x0000000705800000, 0x0000000705800000| Untracked 
|  35|0x0000000705a00000, 0x0000000705a00000, 0x0000000705c00000|  0%| F|  |TAMS 0x0000000705a00000, 0x0000000705a00000| Untracked 
|  36|0x0000000705c00000, 0x0000000705c00000, 0x0000000705e00000|  0%| F|  |TAMS 0x0000000705c00000, 0x0000000705c00000| Untracked 
|  37|0x0000000705e00000, 0x0000000705e00000, 0x0000000706000000|  0%| F|  |TAMS 0x0000000705e00000, 0x0000000705e00000| Untracked 
|  38|0x0000000706000000, 0x0000000706000000, 0x0000000706200000|  0%| F|  |TAMS 0x0000000706000000, 0x0000000706000000| Untracked 
|  39|0x0000000706200000, 0x0000000706200000, 0x0000000706400000|  0%| F|  |TAMS 0x0000000706200000, 0x0000000706200000| Untracked 
|  40|0x0000000706400000, 0x0000000706400000, 0x0000000706600000|  0%| F|  |TAMS 0x0000000706400000, 0x0000000706400000| Untracked 
|  41|0x0000000706600000, 0x0000000706600000, 0x0000000706800000|  0%| F|  |TAMS 0x0000000706600000, 0x0000000706600000| Untracked 
|  42|0x0000000706800000, 0x0000000706800000, 0x0000000706a00000|  0%| F|  |TAMS 0x0000000706800000, 0x0000000706800000| Untracked 
|  43|0x0000000706a00000, 0x0000000706a00000, 0x0000000706c00000|  0%| F|  |TAMS 0x0000000706a00000, 0x0000000706a00000| Untracked 
|  44|0x0000000706c00000, 0x0000000706c00000, 0x0000000706e00000|  0%| F|  |TAMS 0x0000000706c00000, 0x0000000706c00000| Untracked 
|  45|0x0000000706e00000, 0x0000000706e00000, 0x0000000707000000|  0%| F|  |TAMS 0x0000000706e00000, 0x0000000706e00000| Untracked 
|  46|0x0000000707000000, 0x0000000707000000, 0x0000000707200000|  0%| F|  |TAMS 0x0000000707000000, 0x0000000707000000| Untracked 
|  47|0x0000000707200000, 0x0000000707200000, 0x0000000707400000|  0%| F|  |TAMS 0x0000000707200000, 0x0000000707200000| Untracked 
|  48|0x0000000707400000, 0x0000000707400000, 0x0000000707600000|  0%| F|  |TAMS 0x0000000707400000, 0x0000000707400000| Untracked 
|  49|0x0000000707600000, 0x0000000707600000, 0x0000000707800000|  0%| F|  |TAMS 0x0000000707600000, 0x0000000707600000| Untracked 
|  50|0x0000000707800000, 0x0000000707800000, 0x0000000707a00000|  0%| F|  |TAMS 0x0000000707800000, 0x0000000707800000| Untracked 
|  51|0x0000000707a00000, 0x0000000707a00000, 0x0000000707c00000|  0%| F|  |TAMS 0x0000000707a00000, 0x0000000707a00000| Untracked 
|  52|0x0000000707c00000, 0x0000000707c00000, 0x0000000707e00000|  0%| F|  |TAMS 0x0000000707c00000, 0x0000000707c00000| Untracked 
|  53|0x0000000707e00000, 0x0000000707e00000, 0x0000000708000000|  0%| F|  |TAMS 0x0000000707e00000, 0x0000000707e00000| Untracked 
|  54|0x0000000708000000, 0x0000000708000000, 0x0000000708200000|  0%| F|  |TAMS 0x0000000708000000, 0x0000000708000000| Untracked 
|  55|0x0000000708200000, 0x0000000708200000, 0x0000000708400000|  0%| F|  |TAMS 0x0000000708200000, 0x0000000708200000| Untracked 
|  56|0x0000000708400000, 0x0000000708400000, 0x0000000708600000|  0%| F|  |TAMS 0x0000000708400000, 0x0000000708400000| Untracked 
|  57|0x0000000708600000, 0x0000000708600000, 0x0000000708800000|  0%| F|  |TAMS 0x0000000708600000, 0x0000000708600000| Untracked 
|  58|0x0000000708800000, 0x0000000708800000, 0x0000000708a00000|  0%| F|  |TAMS 0x0000000708800000, 0x0000000708800000| Untracked 
|  59|0x0000000708a00000, 0x0000000708a00000, 0x0000000708c00000|  0%| F|  |TAMS 0x0000000708a00000, 0x0000000708a00000| Untracked 
|  60|0x0000000708c00000, 0x0000000708c00000, 0x0000000708e00000|  0%| F|  |TAMS 0x0000000708c00000, 0x0000000708c00000| Untracked 
|  61|0x0000000708e00000, 0x0000000708e00000, 0x0000000709000000|  0%| F|  |TAMS 0x0000000708e00000, 0x0000000708e00000| Untracked 
|  62|0x0000000709000000, 0x0000000709000000, 0x0000000709200000|  0%| F|  |TAMS 0x0000000709000000, 0x0000000709000000| Untracked 
|  63|0x0000000709200000, 0x0000000709200000, 0x0000000709400000|  0%| F|  |TAMS 0x0000000709200000, 0x0000000709200000| Untracked 
|  64|0x0000000709400000, 0x0000000709400000, 0x0000000709600000|  0%| F|  |TAMS 0x0000000709400000, 0x0000000709400000| Untracked 
|  65|0x0000000709600000, 0x0000000709600000, 0x0000000709800000|  0%| F|  |TAMS 0x0000000709600000, 0x0000000709600000| Untracked 
|  66|0x0000000709800000, 0x0000000709800000, 0x0000000709a00000|  0%| F|  |TAMS 0x0000000709800000, 0x0000000709800000| Untracked 
|  67|0x0000000709a00000, 0x0000000709a00000, 0x0000000709c00000|  0%| F|  |TAMS 0x0000000709a00000, 0x0000000709a00000| Untracked 
|  68|0x0000000709c00000, 0x0000000709c00000, 0x0000000709e00000|  0%| F|  |TAMS 0x0000000709c00000, 0x0000000709c00000| Untracked 
|  69|0x0000000709e00000, 0x0000000709e00000, 0x000000070a000000|  0%| F|  |TAMS 0x0000000709e00000, 0x0000000709e00000| Untracked 
|  70|0x000000070a000000, 0x000000070a000000, 0x000000070a200000|  0%| F|  |TAMS 0x000000070a000000, 0x000000070a000000| Untracked 
|  71|0x000000070a200000, 0x000000070a200000, 0x000000070a400000|  0%| F|  |TAMS 0x000000070a200000, 0x000000070a200000| Untracked 
|  72|0x000000070a400000, 0x000000070a400000, 0x000000070a600000|  0%| F|  |TAMS 0x000000070a400000, 0x000000070a400000| Untracked 
|  73|0x000000070a600000, 0x000000070a600000, 0x000000070a800000|  0%| F|  |TAMS 0x000000070a600000, 0x000000070a600000| Untracked 
|  74|0x000000070a800000, 0x000000070a800000, 0x000000070aa00000|  0%| F|  |TAMS 0x000000070a800000, 0x000000070a800000| Untracked 
|  75|0x000000070aa00000, 0x000000070aa00000, 0x000000070ac00000|  0%| F|  |TAMS 0x000000070aa00000, 0x000000070aa00000| Untracked 
|  76|0x000000070ac00000, 0x000000070ac00000, 0x000000070ae00000|  0%| F|  |TAMS 0x000000070ac00000, 0x000000070ac00000| Untracked 
|  77|0x000000070ae00000, 0x000000070ae00000, 0x000000070b000000|  0%| F|  |TAMS 0x000000070ae00000, 0x000000070ae00000| Untracked 
|  78|0x000000070b000000, 0x000000070b000000, 0x000000070b200000|  0%| F|  |TAMS 0x000000070b000000, 0x000000070b000000| Untracked 
|  79|0x000000070b200000, 0x000000070b200000, 0x000000070b400000|  0%| F|  |TAMS 0x000000070b200000, 0x000000070b200000| Untracked 
|  80|0x000000070b400000, 0x000000070b400000, 0x000000070b600000|  0%| F|  |TAMS 0x000000070b400000, 0x000000070b400000| Untracked 
|  81|0x000000070b600000, 0x000000070b600000, 0x000000070b800000|  0%| F|  |TAMS 0x000000070b600000, 0x000000070b600000| Untracked 
|  82|0x000000070b800000, 0x000000070b800000, 0x000000070ba00000|  0%| F|  |TAMS 0x000000070b800000, 0x000000070b800000| Untracked 
|  83|0x000000070ba00000, 0x000000070ba00000, 0x000000070bc00000|  0%| F|  |TAMS 0x000000070ba00000, 0x000000070ba00000| Untracked 
|  84|0x000000070bc00000, 0x000000070bc00000, 0x000000070be00000|  0%| F|  |TAMS 0x000000070bc00000, 0x000000070bc00000| Untracked 
|  85|0x000000070be00000, 0x000000070be00000, 0x000000070c000000|  0%| F|  |TAMS 0x000000070be00000, 0x000000070be00000| Untracked 
|  86|0x000000070c000000, 0x000000070c000000, 0x000000070c200000|  0%| F|  |TAMS 0x000000070c000000, 0x000000070c000000| Untracked 
|  87|0x000000070c200000, 0x000000070c200000, 0x000000070c400000|  0%| F|  |TAMS 0x000000070c200000, 0x000000070c200000| Untracked 
|  88|0x000000070c400000, 0x000000070c400000, 0x000000070c600000|  0%| F|  |TAMS 0x000000070c400000, 0x000000070c400000| Untracked 
|  89|0x000000070c600000, 0x000000070c600000, 0x000000070c800000|  0%| F|  |TAMS 0x000000070c600000, 0x000000070c600000| Untracked 
|  90|0x000000070c800000, 0x000000070c800000, 0x000000070ca00000|  0%| F|  |TAMS 0x000000070c800000, 0x000000070c800000| Untracked 
|  91|0x000000070ca00000, 0x000000070ca00000, 0x000000070cc00000|  0%| F|  |TAMS 0x000000070ca00000, 0x000000070ca00000| Untracked 
|  92|0x000000070cc00000, 0x000000070cc00000, 0x000000070ce00000|  0%| F|  |TAMS 0x000000070cc00000, 0x000000070cc00000| Untracked 
|  93|0x000000070ce00000, 0x000000070ce00000, 0x000000070d000000|  0%| F|  |TAMS 0x000000070ce00000, 0x000000070ce00000| Untracked 
|  94|0x000000070d000000, 0x000000070d000000, 0x000000070d200000|  0%| F|  |TAMS 0x000000070d000000, 0x000000070d000000| Untracked 
|  95|0x000000070d200000, 0x000000070d200000, 0x000000070d400000|  0%| F|  |TAMS 0x000000070d200000, 0x000000070d200000| Untracked 
|  96|0x000000070d400000, 0x000000070d400000, 0x000000070d600000|  0%| F|  |TAMS 0x000000070d400000, 0x000000070d400000| Untracked 
|  97|0x000000070d600000, 0x000000070d600000, 0x000000070d800000|  0%| F|  |TAMS 0x000000070d600000, 0x000000070d600000| Untracked 
|  98|0x000000070d800000, 0x000000070d800000, 0x000000070da00000|  0%| F|  |TAMS 0x000000070d800000, 0x000000070d800000| Untracked 
|  99|0x000000070da00000, 0x000000070da00000, 0x000000070dc00000|  0%| F|  |TAMS 0x000000070da00000, 0x000000070da00000| Untracked 
| 100|0x000000070dc00000, 0x000000070dc00000, 0x000000070de00000|  0%| F|  |TAMS 0x000000070dc00000, 0x000000070dc00000| Untracked 
| 101|0x000000070de00000, 0x000000070de00000, 0x000000070e000000|  0%| F|  |TAMS 0x000000070de00000, 0x000000070de00000| Untracked 
| 102|0x000000070e000000, 0x000000070e000000, 0x000000070e200000|  0%| F|  |TAMS 0x000000070e000000, 0x000000070e000000| Untracked 
| 103|0x000000070e200000, 0x000000070e200000, 0x000000070e400000|  0%| F|  |TAMS 0x000000070e200000, 0x000000070e200000| Untracked 
| 104|0x000000070e400000, 0x000000070e400000, 0x000000070e600000|  0%| F|  |TAMS 0x000000070e400000, 0x000000070e400000| Untracked 
| 105|0x000000070e600000, 0x000000070e600000, 0x000000070e800000|  0%| F|  |TAMS 0x000000070e600000, 0x000000070e600000| Untracked 
| 106|0x000000070e800000, 0x000000070e800000, 0x000000070ea00000|  0%| F|  |TAMS 0x000000070e800000, 0x000000070e800000| Untracked 
| 107|0x000000070ea00000, 0x000000070ea00000, 0x000000070ec00000|  0%| F|  |TAMS 0x000000070ea00000, 0x000000070ea00000| Untracked 
| 108|0x000000070ec00000, 0x000000070ec00000, 0x000000070ee00000|  0%| F|  |TAMS 0x000000070ec00000, 0x000000070ec00000| Untracked 
| 109|0x000000070ee00000, 0x000000070ee00000, 0x000000070f000000|  0%| F|  |TAMS 0x000000070ee00000, 0x000000070ee00000| Untracked 
| 110|0x000000070f000000, 0x000000070f000000, 0x000000070f200000|  0%| F|  |TAMS 0x000000070f000000, 0x000000070f000000| Untracked 
| 111|0x000000070f200000, 0x000000070f200000, 0x000000070f400000|  0%| F|  |TAMS 0x000000070f200000, 0x000000070f200000| Untracked 
| 112|0x000000070f400000, 0x000000070f400000, 0x000000070f600000|  0%| F|  |TAMS 0x000000070f400000, 0x000000070f400000| Untracked 
| 113|0x000000070f600000, 0x000000070f600000, 0x000000070f800000|  0%| F|  |TAMS 0x000000070f600000, 0x000000070f600000| Untracked 
| 114|0x000000070f800000, 0x000000070f800000, 0x000000070fa00000|  0%| F|  |TAMS 0x000000070f800000, 0x000000070f800000| Untracked 
| 115|0x000000070fa00000, 0x000000070fa00000, 0x000000070fc00000|  0%| F|  |TAMS 0x000000070fa00000, 0x000000070fa00000| Untracked 
| 116|0x000000070fc00000, 0x000000070fc00000, 0x000000070fe00000|  0%| F|  |TAMS 0x000000070fc00000, 0x000000070fc00000| Untracked 
| 117|0x000000070fe00000, 0x000000070fe00000, 0x0000000710000000|  0%| F|  |TAMS 0x000000070fe00000, 0x000000070fe00000| Untracked 
| 118|0x0000000710000000, 0x0000000710000000, 0x0000000710200000|  0%| F|  |TAMS 0x0000000710000000, 0x0000000710000000| Untracked 
| 119|0x0000000710200000, 0x0000000710200000, 0x0000000710400000|  0%| F|  |TAMS 0x0000000710200000, 0x0000000710200000| Untracked 
| 120|0x0000000710400000, 0x0000000710400000, 0x0000000710600000|  0%| F|  |TAMS 0x0000000710400000, 0x0000000710400000| Untracked 
| 121|0x0000000710600000, 0x0000000710600000, 0x0000000710800000|  0%| F|  |TAMS 0x0000000710600000, 0x0000000710600000| Untracked 
| 122|0x0000000710800000, 0x0000000710800000, 0x0000000710a00000|  0%| F|  |TAMS 0x0000000710800000, 0x0000000710800000| Untracked 
| 123|0x0000000710a00000, 0x0000000710a00000, 0x0000000710c00000|  0%| F|  |TAMS 0x0000000710a00000, 0x0000000710a00000| Untracked 
| 124|0x0000000710c00000, 0x0000000710c00000, 0x0000000710e00000|  0%| F|  |TAMS 0x0000000710c00000, 0x0000000710c00000| Untracked 
| 125|0x0000000710e00000, 0x0000000710e00000, 0x0000000711000000|  0%| F|  |TAMS 0x0000000710e00000, 0x0000000710e00000| Untracked 
| 126|0x0000000711000000, 0x000000071109cac8, 0x0000000711200000| 30%| E|  |TAMS 0x0000000711000000, 0x0000000711000000| Complete 
| 127|0x0000000711200000, 0x0000000711400000, 0x0000000711400000|100%| E|CS|TAMS 0x0000000711200000, 0x0000000711200000| Complete 

Card table byte_map: [0x0000020acfba0000,0x0000020ad03a0000] _byte_map_base: 0x0000020acc396000

Marking Bits (Prev, Next): (CMBitMap*) 0x0000020abc9670d0, (CMBitMap*) 0x0000020abc967110
 Prev Bits: [0x0000020ad0ba0000, 0x0000020ad4b50000)
 Next Bits: [0x0000020ad4b50000, 0x0000020ad8b00000)

Polling page: 0x0000020abc0c0000

Metaspace:

Usage:
  Non-class:      5.94 MB used.
      Class:    582.77 KB used.
       Both:      6.50 MB used.

Virtual space:
  Non-class space:        8.00 MB reserved,       6.00 MB ( 75%) committed,  1 nodes.
      Class space:        1.00 GB reserved,     640.00 KB ( <1%) committed,  1 nodes.
             Both:        1.01 GB reserved,       6.62 MB ( <1%) committed. 

Chunk freelists:
   Non-Class:  2.02 MB
       Class:  3.23 MB
        Both:  5.25 MB

MaxMetaspaceSize: unlimited
CompressedClassSpaceSize: 1.00 GB
Initial GC threshold: 21.00 MB
Current GC threshold: 21.00 MB
CDS: off
MetaspaceReclaimPolicy: balanced
 - commit_granule_bytes: 65536.
 - commit_granule_words: 8192.
 - virtual_space_node_default_size: 1048576.
 - enlarge_chunks_in_place: 1.
 - new_chunks_are_fully_committed: 0.
 - uncommit_free_chunks: 1.
 - use_allocation_guard: 0.
 - handle_deallocations: 1.


Internal statistics:

num_allocs_failed_limit: 0.
num_arena_births: 6.
num_arena_deaths: 0.
num_vsnodes_births: 2.
num_vsnodes_deaths: 0.
num_space_committed: 106.
num_space_uncommitted: 0.
num_chunks_returned_to_freelist: 0.
num_chunks_taken_from_freelist: 28.
num_chunk_merges: 0.
num_chunk_splits: 12.
num_chunks_enlarged: 5.
num_purges: 0.
num_inconsistent_stats: 0.

CodeHeap 'non-profiled nmethods': size=120000Kb used=50Kb max_used=50Kb free=119949Kb
 bounds [0x0000020ac7b20000, 0x0000020ac7d90000, 0x0000020acf050000]
CodeHeap 'profiled nmethods': size=120000Kb used=290Kb max_used=290Kb free=119709Kb
 bounds [0x0000020ac05f0000, 0x0000020ac0860000, 0x0000020ac7b20000]
CodeHeap 'non-nmethods': size=5760Kb used=1099Kb max_used=1103Kb free=4661Kb
 bounds [0x0000020ac0050000, 0x0000020ac02c0000, 0x0000020ac05f0000]
 total_blobs=554 nmethods=181 adapters=286
 compilation: enabled
              stopped_count=0, restarted_count=0
 full_count=0

Compilation events (20 events):
Event: 0.238 Thread 0x0000020adc0ab600 nmethod 168 0x0000020ac062de10 code [0x0000020ac062e000, 0x0000020ac062e418]
Event: 0.240 Thread 0x0000020adc0ab600  169       3       java.util.HashMap::put (13 bytes)
Event: 0.240 Thread 0x0000020adc0ab600 nmethod 169 0x0000020ac062e590 code [0x0000020ac062e740, 0x0000020ac062ea38]
Event: 0.243 Thread 0x0000020adc0ab600  170       3       java.io.BufferedInputStream::getBufIfOpen (21 bytes)
Event: 0.243 Thread 0x0000020adc0ab600 nmethod 170 0x0000020ac062eb90 code [0x0000020ac062ed40, 0x0000020ac062ef68]
Event: 0.244 Thread 0x0000020adc0ab600  171       3       java.lang.StringUTF16::compress (50 bytes)
Event: 0.244 Thread 0x0000020adc0ab600 nmethod 171 0x0000020ac062f090 code [0x0000020ac062f240, 0x0000020ac062f498]
Event: 0.244 Thread 0x0000020adc0ab600  173       3       java.io.DataInputStream::readUTF (501 bytes)
Event: 0.246 Thread 0x0000020adc0ab600 nmethod 173 0x0000020ac062f610 code [0x0000020ac062fa60, 0x0000020ac0631b08]
Event: 0.246 Thread 0x0000020adc0ab600  181       3       java.io.DataInputStream::readFully (59 bytes)
Event: 0.246 Thread 0x0000020adc0ab600 nmethod 181 0x0000020ac0632690 code [0x0000020ac0632880, 0x0000020ac0632da8]
Event: 0.246 Thread 0x0000020adc0ab600  172  s    3       java.io.BufferedInputStream::read (49 bytes)
Event: 0.247 Thread 0x0000020adc0ab600 nmethod 172 0x0000020ac0633010 code [0x0000020ac06331e0, 0x0000020ac0633678]
Event: 0.247 Thread 0x0000020adc0ab600  185       3       java.io.DataInputStream::readShort (40 bytes)
Event: 0.247 Thread 0x0000020adc0ab600 nmethod 185 0x0000020ac0633810 code [0x0000020ac06339e0, 0x0000020ac0633d68]
Event: 0.247 Thread 0x0000020adc0ab600  184  s    3       java.io.BufferedInputStream::read (113 bytes)
Event: 0.248 Thread 0x0000020adc0ab600 nmethod 184 0x0000020ac0633e90 code [0x0000020ac06340c0, 0x0000020ac0634958]
Event: 0.248 Thread 0x0000020adc0ab600  174       3       java.lang.String::checkBoundsOffCount (64 bytes)
Event: 0.248 Thread 0x0000020adc0ab600 nmethod 174 0x0000020ac0634b90 code [0x0000020ac0634e20, 0x0000020ac0635718]
Event: 0.248 Thread 0x0000020adc0ab600  175       3       java.lang.String::<init> (74 bytes)

GC Heap History (0 events):
No events

Deoptimization events (20 events):
Event: 0.157 Thread 0x0000020aba7cbde0 DEOPT PACKING pc=0x0000020ac060868c sp=0x00000025ea7fa1d0
Event: 0.157 Thread 0x0000020aba7cbde0 DEOPT UNPACKING pc=0x0000020ac00a2b43 sp=0x00000025ea7f9660 mode 0
Event: 0.157 Thread 0x0000020aba7cbde0 DEOPT PACKING pc=0x0000020ac060868c sp=0x00000025ea7fa1d0
Event: 0.157 Thread 0x0000020aba7cbde0 DEOPT UNPACKING pc=0x0000020ac00a2b43 sp=0x00000025ea7f9660 mode 0
Event: 0.157 Thread 0x0000020aba7cbde0 DEOPT PACKING pc=0x0000020ac060868c sp=0x00000025ea7fa1d0
Event: 0.157 Thread 0x0000020aba7cbde0 DEOPT UNPACKING pc=0x0000020ac00a2b43 sp=0x00000025ea7f9660 mode 0
Event: 0.157 Thread 0x0000020aba7cbde0 DEOPT PACKING pc=0x0000020ac060868c sp=0x00000025ea7fa1d0
Event: 0.157 Thread 0x0000020aba7cbde0 DEOPT UNPACKING pc=0x0000020ac00a2b43 sp=0x00000025ea7f9660 mode 0
Event: 0.157 Thread 0x0000020aba7cbde0 DEOPT PACKING pc=0x0000020ac060868c sp=0x00000025ea7fa1d0
Event: 0.157 Thread 0x0000020aba7cbde0 DEOPT UNPACKING pc=0x0000020ac00a2b43 sp=0x00000025ea7f9660 mode 0
Event: 0.157 Thread 0x0000020aba7cbde0 DEOPT PACKING pc=0x0000020ac060868c sp=0x00000025ea7fa1d0
Event: 0.157 Thread 0x0000020aba7cbde0 DEOPT UNPACKING pc=0x0000020ac00a2b43 sp=0x00000025ea7f9660 mode 0
Event: 0.157 Thread 0x0000020aba7cbde0 DEOPT PACKING pc=0x0000020ac060868c sp=0x00000025ea7fa1d0
Event: 0.157 Thread 0x0000020aba7cbde0 DEOPT UNPACKING pc=0x0000020ac00a2b43 sp=0x00000025ea7f9660 mode 0
Event: 0.226 Thread 0x0000020aba7cbde0 DEOPT PACKING pc=0x0000020ac061b14e sp=0x00000025ea7fdd60
Event: 0.226 Thread 0x0000020aba7cbde0 DEOPT UNPACKING pc=0x0000020ac00a2b43 sp=0x00000025ea7fd2f0 mode 0
Event: 0.227 Thread 0x0000020aba7cbde0 Uncommon trap: trap_request=0xffffff45 fr.pc=0x0000020ac7b29ec8 relative=0x0000000000001048
Event: 0.227 Thread 0x0000020aba7cbde0 Uncommon trap: reason=unstable_if action=reinterpret pc=0x0000020ac7b29ec8 method=java.util.zip.ZipFile$Source.initCEN(I)V @ 379 c2
Event: 0.227 Thread 0x0000020aba7cbde0 DEOPT PACKING pc=0x0000020ac7b29ec8 sp=0x00000025ea7fde50
Event: 0.227 Thread 0x0000020aba7cbde0 DEOPT UNPACKING pc=0x0000020ac00a23a3 sp=0x00000025ea7fddf8 mode 2

Classes unloaded (0 events):
No events

Classes redefined (0 events):
No events

Internal exceptions (0 events):
No events

VM Operations (6 events):
Event: 0.178 Executing VM operation: HandshakeAllThreads
Event: 0.178 Executing VM operation: HandshakeAllThreads done
Event: 0.178 Executing VM operation: HandshakeAllThreads
Event: 0.178 Executing VM operation: HandshakeAllThreads done
Event: 0.235 Executing VM operation: HandshakeAllThreads
Event: 0.235 Executing VM operation: HandshakeAllThreads done

Events (20 events):
Event: 0.240 loading class java/util/Locale$Category
Event: 0.240 loading class java/util/Locale$Category done
Event: 0.240 loading class java/util/Calendar
Event: 0.241 loading class java/util/Calendar done
Event: 0.241 loading class java/util/TimeZone
Event: 0.241 loading class java/util/TimeZone done
Event: 0.242 loading class sun/util/calendar/ZoneInfo
Event: 0.242 loading class sun/util/calendar/ZoneInfo done
Event: 0.242 loading class sun/util/calendar/ZoneInfoFile
Event: 0.242 loading class sun/util/calendar/ZoneInfoFile done
Event: 0.242 loading class sun/util/calendar/ZoneInfoFile$1
Event: 0.242 loading class sun/util/calendar/ZoneInfoFile$1 done
Event: 0.242 loading class java/io/DataInputStream
Event: 0.243 loading class java/io/DataInputStream done
Event: 0.247 loading class java/io/FileInputStream$1
Event: 0.247 loading class java/io/FileInputStream$1 done
Event: 0.248 loading class sun/util/calendar/ZoneInfoFile$ZoneOffsetTransitionRule
Event: 0.248 loading class sun/util/calendar/ZoneInfoFile$ZoneOffsetTransitionRule done
Event: 0.248 loading class sun/util/calendar/ZoneInfoFile$Checksum
Event: 0.248 loading class sun/util/calendar/ZoneInfoFile$Checksum done


Dynamic libraries:
0x00007ff61b3c0000 - 0x00007ff61b3ca000 	C:\Program Files\JetBrains\PyCharm 2022.2.1\jbr\bin\java.exe
0x00007ffb01e30000 - 0x00007ffb02028000 	C:\WINDOWS\SYSTEM32\ntdll.dll
0x00007ffb01040000 - 0x00007ffb010fd000 	C:\WINDOWS\System32\KERNEL32.DLL
0x00007ffaff7a0000 - 0x00007ffaffa6e000 	C:\WINDOWS\System32\KERNELBASE.dll
0x00007ffaff550000 - 0x00007ffaff650000 	C:\WINDOWS\System32\ucrtbase.dll
0x00007ffaf76d0000 - 0x00007ffaf76e7000 	C:\Program Files\JetBrains\PyCharm 2022.2.1\jbr\bin\jli.dll
0x00007ffaf76b0000 - 0x00007ffaf76cb000 	C:\Program Files\JetBrains\PyCharm 2022.2.1\jbr\bin\VCRUNTIME140.dll
0x00007ffb00d80000 - 0x00007ffb00f20000 	C:\WINDOWS\System32\USER32.dll
0x00007ffaffc60000 - 0x00007ffaffc82000 	C:\WINDOWS\System32\win32u.dll
0x00007ffb01dc0000 - 0x00007ffb01dea000 	C:\WINDOWS\System32\GDI32.dll
0x00007ffaebc30000 - 0x00007ffaebeca000 	C:\WINDOWS\WinSxS\amd64_microsoft.windows.common-controls_6595b64144ccf1df_6.0.19041.1110_none_60b5254171f9507e\COMCTL32.dll
0x00007ffaffb50000 - 0x00007ffaffc5b000 	C:\WINDOWS\System32\gdi32full.dll
0x00007ffaff650000 - 0x00007ffaff6ed000 	C:\WINDOWS\System32\msvcp_win.dll
0x00007ffb00890000 - 0x00007ffb0092e000 	C:\WINDOWS\System32\msvcrt.dll
0x00007ffb00930000 - 0x00007ffb00960000 	C:\WINDOWS\System32\IMM32.DLL
0x00007ffafce60000 - 0x00007ffafce6c000 	C:\Program Files\JetBrains\PyCharm 2022.2.1\jbr\bin\vcruntime140_1.dll
0x00007ffaf5e50000 - 0x00007ffaf5edd000 	C:\Program Files\JetBrains\PyCharm 2022.2.1\jbr\bin\msvcp140.dll
0x00007ffab0c60000 - 0x00007ffab18c8000 	C:\Program Files\JetBrains\PyCharm 2022.2.1\jbr\bin\server\jvm.dll
0x00007ffb01840000 - 0x00007ffb018ee000 	C:\WINDOWS\System32\ADVAPI32.dll
0x00007ffb006c0000 - 0x00007ffb0075c000 	C:\WINDOWS\System32\sechost.dll
0x00007ffb00760000 - 0x00007ffb00885000 	C:\WINDOWS\System32\RPCRT4.dll
0x00007ffb011b0000 - 0x00007ffb011b8000 	C:\WINDOWS\System32\PSAPI.DLL
0x00007ffaed040000 - 0x00007ffaed049000 	C:\WINDOWS\SYSTEM32\WSOCK32.dll
0x00007ffadec80000 - 0x00007ffadeca7000 	C:\WINDOWS\SYSTEM32\WINMM.dll
0x00007ffafcde0000 - 0x00007ffafcdea000 	C:\WINDOWS\SYSTEM32\VERSION.dll
0x00007ffb00d10000 - 0x00007ffb00d7b000 	C:\WINDOWS\System32\WS2_32.dll
0x00007ffafdd90000 - 0x00007ffafdda2000 	C:\WINDOWS\SYSTEM32\kernel.appcore.dll
0x00007ffafc7c0000 - 0x00007ffafc7ca000 	C:\Program Files\JetBrains\PyCharm 2022.2.1\jbr\bin\jimage.dll
0x00007ffaec2f0000 - 0x00007ffaec4d4000 	C:\WINDOWS\SYSTEM32\DBGHELP.DLL
0x00007ffaebbf0000 - 0x00007ffaebc1c000 	C:\WINDOWS\SYSTEM32\dbgcore.DLL
0x00007ffaffa70000 - 0x00007ffaffaf2000 	C:\WINDOWS\System32\bcryptPrimitives.dll
0x00007ffaf9b00000 - 0x00007ffaf9b25000 	C:\Program Files\JetBrains\PyCharm 2022.2.1\jbr\bin\java.dll
0x00007ffaebb40000 - 0x00007ffaebb58000 	C:\Program Files\JetBrains\PyCharm 2022.2.1\jbr\bin\zip.dll
0x00007ffaffe90000 - 0x00007ffb005d4000 	C:\WINDOWS\System32\SHELL32.dll
0x00007ffafd5f0000 - 0x00007ffafdd84000 	C:\WINDOWS\SYSTEM32\windows.storage.dll
0x00007ffb01970000 - 0x00007ffb01cc4000 	C:\WINDOWS\System32\combase.dll
0x00007ffafeed0000 - 0x00007ffafef00000 	C:\WINDOWS\SYSTEM32\Wldp.dll
0x00007ffb01100000 - 0x00007ffb011ad000 	C:\WINDOWS\System32\SHCORE.dll
0x00007ffb011d0000 - 0x00007ffb01225000 	C:\WINDOWS\System32\shlwapi.dll
0x00007ffaff490000 - 0x00007ffaff4af000 	C:\WINDOWS\SYSTEM32\profapi.dll
0x00007ffae7000000 - 0x00007ffae7019000 	C:\Program Files\JetBrains\PyCharm 2022.2.1\jbr\bin\net.dll
0x00007ffaf1230000 - 0x00007ffaf133a000 	C:\WINDOWS\SYSTEM32\WINHTTP.dll
0x00007ffafecb0000 - 0x00007ffafed1a000 	C:\WINDOWS\system32\mswsock.dll
0x00007ffae5370000 - 0x00007ffae5386000 	C:\Program Files\JetBrains\PyCharm 2022.2.1\jbr\bin\nio.dll
0x00007ffafae20000 - 0x00007ffafae30000 	C:\Program Files\JetBrains\PyCharm 2022.2.1\jbr\bin\verify.dll

dbghelp: loaded successfully - version: 4.0.5 - missing functions: none
symbol engine: initialized successfully - sym options: 0x614 - pdb path: .;C:\Program Files\JetBrains\PyCharm 2022.2.1\jbr\bin;C:\WINDOWS\SYSTEM32;C:\WINDOWS\WinSxS\amd64_microsoft.windows.common-controls_6595b64144ccf1df_6.0.19041.1110_none_60b5254171f9507e;C:\Program Files\JetBrains\PyCharm 2022.2.1\jbr\bin\server

VM Arguments:
java_command: git4idea.http.GitAskPassApp Username for 'https://github.com': 
java_class_path (initial): C:/Program Files/JetBrains/PyCharm 2022.2.1/plugins/git4idea/lib/git4idea-rt.jar;C:/Program Files/JetBrains/PyCharm 2022.2.1/lib/externalProcess-rt.jar;C:/Program Files/JetBrains/PyCharm 2022.2.1/lib/app.jar;C:/Program Files/JetBrains/PyCharm 2022.2.1/lib/3rd-party-rt.jar
Launcher Type: SUN_STANDARD

[Global flags]
     intx CICompilerCount                          = 4                                         {product} {ergonomic}
     uint ConcGCThreads                            = 2                                         {product} {ergonomic}
     uint G1ConcRefinementThreads                  = 8                                         {product} {ergonomic}
   size_t G1HeapRegionSize                         = 2097152                                   {product} {ergonomic}
    uintx GCDrainStackTargetSize                   = 64                                        {product} {ergonomic}
   size_t InitialHeapSize                          = 268435456                                 {product} {ergonomic}
   size_t MarkStackSize                            = 4194304                                   {product} {ergonomic}
   size_t MaxHeapSize                              = 4273995776                                {product} {ergonomic}
   size_t MaxNewSize                               = 2562719744                                {product} {ergonomic}
   size_t MinHeapDeltaBytes                        = 2097152                                   {product} {ergonomic}
   size_t MinHeapSize                              = 8388608                                   {product} {ergonomic}
    uintx NonNMethodCodeHeapSize                   = 5839372                                {pd product} {ergonomic}
    uintx NonProfiledCodeHeapSize                  = 122909434                              {pd product} {ergonomic}
    uintx ProfiledCodeHeapSize                     = 122909434                              {pd product} {ergonomic}
    uintx ReservedCodeCacheSize                    = 251658240                              {pd product} {ergonomic}
     bool SegmentedCodeCache                       = true                                      {product} {ergonomic}
   size_t SoftMaxHeapSize                          = 4273995776                             {manageable} {ergonomic}
     bool UseCompressedClassPointers               = true                           {product lp64_product} {ergonomic}
     bool UseCompressedOops                        = true                           {product lp64_product} {ergonomic}
     bool UseG1GC                                  = true                                      {product} {ergonomic}
     bool UseLargePagesIndividualAllocation        = false                                  {pd product} {ergonomic}

Logging:
Log output configuration:
 #0: stdout all=warning uptime,level,tags
 #1: stderr all=off uptime,level,tags

Environment Variables:
PATH=C:\Program Files\Git\mingw64\libexec\git-core;C:\Program Files\Git\mingw64\libexec\git-core;C:\Program Files\Git\mingw64\bin;C:\Program Files\Git\usr\bin;C:\Users\iamwinner\bin;C:\Users\iamwinner\Documents\ramea\rameaenv\Scripts;C:\Program Files (x86)\VMware\VMware Player\bin;C:\WINDOWS\system32;C:\WINDOWS;C:\WINDOWS\System32\Wbem;C:\WINDOWS\System32\WindowsPowerShell\v1.0;C:\WINDOWS\System32\OpenSSH;C:\Program Files\Git\cmd;C:\Program Files\nodejs;C:\laragon\bin\php\php-7.4.19-Win32-vc15-x64;C:\ProgramData\ComposerSetup\bin;C:\Program Files\GTK3-Runtime Win64\bin;C:\Program Files\Docker\Docker\resources\bin;C:\ProgramData\DockerDesktop\version-bin;C:\Program Files\PuTTY;C:\Program Files\PowerShell\7;C:\Users\iamwinner\AppData\Local\Programs\Python\Python310\Scripts;C:\Users\iamwinner\AppData\Local\Programs\Python\Python310;C:\Users\iamwinner\AppData\Local\Microsoft\WindowsApps;C:\Users\iamwinner\AppData\Local\Programs\Microsoft VS Code\bin;C:\Users\iamwinner\AppData\Roaming\npm;C:\Users\iamwinner\AppData\Roaming\Composer\vendor\bin;C:\Users\iamwinner\AppData\Local\Programs\mongosh;C:\Program Files\heroku\bin;C:\Users\iamwinner\AppData\Local\Programs\oh-my-posh\bin;C:\Program Files\PowerShell\7;D:\BRR\scrcpy;C:\Users\iamwinner\Downloads\ffmpeg-master-latest-win64-gpl-shared\ffmpeg-master-latest-win64-gpl-shared\bin;C:\Users\iamwinner\Downloads\platform-tools_r33.0.2-windows\platform-tools;C:\Program Files\PostgreSQL\13\bin
USERNAME=iamwinner
DISPLAY=:0.0
LC_ALL=en_US.UTF-8
OS=Windows_NT
PROCESSOR_IDENTIFIER=Intel64 Family 6 Model 60 Stepping 3, GenuineIntel



---------------  S Y S T E M  ---------------

OS:
 Windows 10 , 64 bit Build 19041 (10.0.19041.1889)
OS uptime: 0 days 13:20 hours
Hyper-V role detected

CPU: total 8 (initial active 8) (4 cores per cpu, 2 threads per core) family 6 model 60 stepping 3 microcode 0x27, cx8, cmov, fxsr, ht, mmx, sse, sse2, sse3, ssse3, sse4.1, sse4.2, popcnt, lzcnt, tsc, tscinvbit, avx, avx2, aes, erms, clmul, bmi1, bmi2, fma, vzeroupper, clflush, hv

Memory: 4k page, system-wide physical 16296M (357M free)
TotalPageFile size 36296M (AvailPageFile size 0M)
current process WorkingSet (physical memory assigned to process): 52M, peak: 52M
current process commit charge ("private bytes"): 342M, peak: 342M

vm_info: OpenJDK 64-Bit Server VM (17.0.3+7-b469.37) for windows-amd64 JRE (17.0.3+7-b469.37), built on 2022-08-01 by "builduser" with MS VC++ 16.10 / 16.11 (VS2019)

END.
